2024-11-29 09:17:23,668 - INFO - Folder selected: /Users/oyai/Library/CloudStorage/ZohoWorkDriveTrueSync-1/My Folders/Code/SiteAI-Backend
2024-11-29 09:17:23,749 - INFO - No saved extensions found. Defaulting to all extensions.
2024-11-29 09:17:52,543 - INFO - Selecting files based on selected extensions and preferences.
2024-11-29 09:19:32,143 - INFO - Preferences saved for folder: /Users/oyai/Library/CloudStorage/ZohoWorkDriveTrueSync-1/My Folders/Code/SiteAI-Backend
2024-11-29 09:19:32,148 - INFO - Creating summary for folder: /Users/oyai/Library/CloudStorage/ZohoWorkDriveTrueSync-1/My Folders/Code/SiteAI-Backend
2024-11-29 09:19:32,193 - INFO - Summary file created at /Users/oyai/Library/CloudStorage/ZohoWorkDriveTrueSync-1/My Folders/Code/SiteAI-Backend/map-20241129091932.txt
2024-11-29 09:20:14,790 - INFO - Folder selected: /Users/oyai/Library/CloudStorage/ZohoWorkDriveTrueSync-1/My Folders
2024-11-29 09:20:36,409 - INFO - Folder selected: /Users/oyai/Library/CloudStorage/ZohoWorkDriveTrueSync-1/My Folders/Code/SiteAI-Backend
2024-11-29 09:20:47,765 - INFO - Selecting files based on selected extensions and preferences.
2024-11-29 09:21:02,628 - INFO - Preferences saved for folder: /Users/oyai/Library/CloudStorage/ZohoWorkDriveTrueSync-1/My Folders/Code/SiteAI-Backend
2024-11-29 09:21:02,633 - INFO - Creating summary for folder: /Users/oyai/Library/CloudStorage/ZohoWorkDriveTrueSync-1/My Folders/Code/SiteAI-Backend
2024-11-29 09:21:02,654 - INFO - Summary file created at /Users/oyai/Library/CloudStorage/ZohoWorkDriveTrueSync-1/My Folders/Code/SiteAI-Backend/map-20241129092102.txt
2024-11-29 10:31:36,363 - INFO - Folder selected: /Users/oyai/Library/CloudStorage/ZohoWorkDriveTrueSync-1/My Folders/Code/SiteAI-Backend
2024-11-29 10:31:46,948 - INFO - User did not select any extensions.
2024-11-29 10:31:54,470 - INFO - Folder selected: /Users/oyai/Library/CloudStorage/ZohoWorkDriveTrueSync-1/My Folders
2024-11-29 10:32:12,542 - INFO - Folder selected: /Users/oyai/Library/CloudStorage/ZohoWorkDriveTrueSync-1/My Folders/Code/SiteAI-Backend
2024-11-29 10:32:22,740 - INFO - Selecting files based on selected extensions and preferences.
2024-11-29 10:32:41,455 - INFO - Preferences saved for folder: /Users/oyai/Library/CloudStorage/ZohoWorkDriveTrueSync-1/My Folders/Code/SiteAI-Backend
2024-11-29 10:32:41,459 - INFO - Creating summary for folder: /Users/oyai/Library/CloudStorage/ZohoWorkDriveTrueSync-1/My Folders/Code/SiteAI-Backend
2024-11-29 10:32:41,496 - INFO - Summary file created at /Users/oyai/Library/CloudStorage/ZohoWorkDriveTrueSync-1/My Folders/Code/SiteAI-Backend/map-20241129103241.txt
2024-11-29 11:01:23,843 - INFO - Folder selected: /Users/oyai/Library/CloudStorage/ZohoWorkDriveTrueSync-1/My Folders/Code/SiteAI-Backend
2024-11-29 11:01:27,124 - INFO - Selecting files based on selected extensions and preferences.
2024-11-29 11:01:29,023 - INFO - Preferences saved for folder: /Users/oyai/Library/CloudStorage/ZohoWorkDriveTrueSync-1/My Folders/Code/SiteAI-Backend
2024-11-29 11:01:29,028 - INFO - Creating summary for folder: /Users/oyai/Library/CloudStorage/ZohoWorkDriveTrueSync-1/My Folders/Code/SiteAI-Backend
2024-11-29 11:01:29,052 - INFO - Summary file created at /Users/oyai/Library/CloudStorage/ZohoWorkDriveTrueSync-1/My Folders/Code/SiteAI-Backend/map-20241129110129.txt
